# JRE version: OpenJDK Runtime Environment AdoptOpenJDK (11.0.10+9) (build 11.0.10+9)
# Java VM: OpenJDK 64-Bit Server VM AdoptOpenJDK (11.0.10+9, mixed mode, tiered, compressed oops, g1 gc, windows-amd64)
Heap:
 garbage-first heap   total 101376K, used 84324K [0x00000000e0000000, 0x0000000100000000)
  region size 1024K, 3 young (3072K), 1 survivors (1024K)
 Metaspace       used 46984K, capacity 48285K, committed 48432K, reserved 1091584K
  class space    used 5424K, capacity 5961K, committed 6016K, reserved 1048576K
GC Heap History (20 events):
Event: 22.939 GC heap before
{Heap before GC invocations=64 (full 0):
 garbage-first heap   total 101376K, used 85235K [0x00000000e0000000, 0x0000000100000000)
  region size 1024K, 14 young (14336K), 2 survivors (2048K)
 Metaspace       used 40961K, capacity 42127K, committed 42288K, reserved 1087488K
  class space    used 4701K, capacity 5188K, committed 5248K, reserved 1048576K
}
Event: 22.956 GC heap after
{Heap after GC invocations=65 (full 0):
 garbage-first heap   total 101376K, used 73795K [0x00000000e0000000, 0x0000000100000000)
  region size 1024K, 2 young (2048K), 2 survivors (2048K)
 Metaspace       used 40961K, capacity 42127K, committed 42288K, reserved 1087488K
  class space    used 4701K, capacity 5188K, committed 5248K, reserved 1048576K
}
Event: 23.465 GC heap before
{Heap before GC invocations=65 (full 0):
 garbage-first heap   total 101376K, used 86083K [0x00000000e0000000, 0x0000000100000000)
  region size 1024K, 14 young (14336K), 2 survivors (2048K)
 Metaspace       used 41999K, capacity 43254K, committed 43440K, reserved 1087488K
  class space    used 4822K, capacity 5330K, committed 5376K, reserved 1048576K
}
Event: 23.480 GC heap after
{Heap after GC invocations=66 (full 0):
 garbage-first heap   total 101376K, used 74881K [0x00000000e0000000, 0x0000000100000000)
  region size 1024K, 2 young (2048K), 2 survivors (2048K)
 Metaspace       used 41999K, capacity 43254K, committed 43440K, reserved 1087488K
  class space    used 4822K, capacity 5330K, committed 5376K, reserved 1048576K
}
Event: 24.420 GC heap before
{Heap before GC invocations=67 (full 0):
 garbage-first heap   total 101376K, used 86145K [0x00000000e0000000, 0x0000000100000000)
  region size 1024K, 13 young (13312K), 2 survivors (2048K)
 Metaspace       used 42402K, capacity 43589K, committed 43824K, reserved 1087488K
  class space    used 4882K, capacity 5378K, committed 5504K, reserved 1048576K
}
Event: 24.438 GC heap after
{Heap after GC invocations=68 (full 0):
 garbage-first heap   total 101376K, used 76061K [0x00000000e0000000, 0x0000000100000000)
  region size 1024K, 2 young (2048K), 2 survivors (2048K)
 Metaspace       used 42402K, capacity 43589K, committed 43824K, reserved 1087488K
  class space    used 4882K, capacity 5378K, committed 5504K, reserved 1048576K
}
Event: 25.027 GC heap before
{Heap before GC invocations=68 (full 0):
 garbage-first heap   total 101376K, used 86301K [0x00000000e0000000, 0x0000000100000000)
  region size 1024K, 12 young (12288K), 2 survivors (2048K)
 Metaspace       used 43003K, capacity 44370K, committed 44592K, reserved 1089536K
  class space    used 4955K, capacity 5490K, committed 5504K, reserved 1048576K
}
Event: 25.046 GC heap after
{Heap after GC invocations=69 (full 0):
 garbage-first heap   total 101376K, used 77917K [0x00000000e0000000, 0x0000000100000000)
  region size 1024K, 2 young (2048K), 2 survivors (2048K)
 Metaspace       used 43003K, capacity 44370K, committed 44592K, reserved 1089536K
  class space    used 4955K, capacity 5490K, committed 5504K, reserved 1048576K
}
Event: 25.808 GC heap before
{Heap before GC invocations=70 (full 0):
 garbage-first heap   total 101376K, used 87133K [0x00000000e0000000, 0x0000000100000000)
  region size 1024K, 11 young (11264K), 2 survivors (2048K)
 Metaspace       used 43570K, capacity 44853K, committed 44976K, reserved 1089536K
  class space    used 5003K, capacity 5523K, committed 5632K, reserved 1048576K
}
Event: 25.812 GC heap after
{Heap after GC invocations=71 (full 0):
 garbage-first heap   total 101376K, used 78738K [0x00000000e0000000, 0x0000000100000000)
  region size 1024K, 2 young (2048K), 2 survivors (2048K)
 Metaspace       used 43570K, capacity 44853K, committed 44976K, reserved 1089536K
  class space    used 5003K, capacity 5523K, committed 5632K, reserved 1048576K
}
Event: 26.119 GC heap before
{Heap before GC invocations=71 (full 0):
 garbage-first heap   total 101376K, used 85906K [0x00000000e0000000, 0x0000000100000000)
  region size 1024K, 10 young (10240K), 2 survivors (2048K)
 Metaspace       used 43977K, capacity 45269K, committed 45488K, reserved 1089536K
  class space    used 5042K, capacity 5555K, committed 5632K, reserved 1048576K
}
Event: 26.125 GC heap after
{Heap after GC invocations=72 (full 0):
 garbage-first heap   total 101376K, used 80749K [0x00000000e0000000, 0x0000000100000000)
  region size 1024K, 2 young (2048K), 2 survivors (2048K)
 Metaspace       used 43977K, capacity 45269K, committed 45488K, reserved 1089536K
  class space    used 5042K, capacity 5555K, committed 5632K, reserved 1048576K
}
Event: 26.392 GC heap before
{Heap before GC invocations=73 (full 0):
 garbage-first heap   total 101376K, used 85869K [0x00000000e0000000, 0x0000000100000000)
  region size 1024K, 8 young (8192K), 2 survivors (2048K)
 Metaspace       used 44371K, capacity 45688K, committed 45744K, reserved 1089536K
  class space    used 5079K, capacity 5588K, committed 5632K, reserved 1048576K
}
Event: 26.394 GC heap after
{Heap after GC invocations=74 (full 0):
 garbage-first heap   total 101376K, used 80517K [0x00000000e0000000, 0x0000000100000000)
  region size 1024K, 1 young (1024K), 1 survivors (1024K)
 Metaspace       used 44371K, capacity 45688K, committed 45744K, reserved 1089536K
  class space    used 5079K, capacity 5588K, committed 5632K, reserved 1048576K
}
Event: 27.337 GC heap before
{Heap before GC invocations=74 (full 0):
 garbage-first heap   total 101376K, used 85637K [0x00000000e0000000, 0x0000000100000000)
  region size 1024K, 7 young (7168K), 1 survivors (1024K)
 Metaspace       used 44760K, capacity 46087K, committed 46384K, reserved 1089536K
  class space    used 5127K, capacity 5657K, committed 5760K, reserved 1048576K
}
Event: 27.342 GC heap after
{Heap after GC invocations=75 (full 0):
 garbage-first heap   total 101376K, used 81557K [0x00000000e0000000, 0x0000000100000000)
  region size 1024K, 1 young (1024K), 1 survivors (1024K)
 Metaspace       used 44760K, capacity 46087K, committed 46384K, reserved 1089536K
  class space    used 5127K, capacity 5657K, committed 5760K, reserved 1048576K
}
Event: 28.256 GC heap before
{Heap before GC invocations=76 (full 0):
 garbage-first heap   total 101376K, used 87701K [0x00000000e0000000, 0x0000000100000000)
  region size 1024K, 7 young (7168K), 1 survivors (1024K)
 Metaspace       used 46527K, capacity 47898K, committed 48176K, reserved 1091584K
  class space    used 5382K, capacity 5896K, committed 6016K, reserved 1048576K
}
Event: 28.265 GC heap after
{Heap after GC invocations=77 (full 0):
 garbage-first heap   total 101376K, used 82082K [0x00000000e0000000, 0x0000000100000000)
  region size 1024K, 1 young (1024K), 1 survivors (1024K)
 Metaspace       used 46527K, capacity 47898K, committed 48176K, reserved 1091584K
  class space    used 5382K, capacity 5896K, committed 6016K, reserved 1048576K
}
Event: 28.897 GC heap before
{Heap before GC invocations=77 (full 0):
 garbage-first heap   total 101376K, used 87202K [0x00000000e0000000, 0x0000000100000000)
  region size 1024K, 6 young (6144K), 1 survivors (1024K)
 Metaspace       used 46809K, capacity 48125K, committed 48432K, reserved 1091584K
  class space    used 5414K, capacity 5929K, committed 6016K, reserved 1048576K
}
Event: 29.016 GC heap after
{Heap after GC invocations=78 (full 0):
 garbage-first heap   total 101376K, used 83300K [0x00000000e0000000, 0x0000000100000000)
  region size 1024K, 1 young (1024K), 1 survivors (1024K)
 Metaspace       used 46809K, capacity 48125K, committed 48432K, reserved 1091584K
  class space    used 5414K, capacity 5929K, committed 6016K, reserved 1048576K
}

