# JRE version: OpenJDK Runtime Environment AdoptOpenJDK (11.0.10+9) (build 11.0.10+9)
# Java VM: OpenJDK 64-Bit Server VM AdoptOpenJDK (11.0.10+9, mixed mode, tiered, compressed oops, g1 gc, windows-amd64)
Heap:
 garbage-first heap   total 101376K, used 55612K [0x00000000e0000000, 0x0000000100000000)
  region size 1024K, 2 young (2048K), 2 survivors (2048K)
 Metaspace       used 40574K, capacity 41745K, committed 41904K, reserved 1085440K
  class space    used 4636K, capacity 5119K, committed 5120K, reserved 1048576K
GC Heap History (20 events):
Event: 16.901 GC heap before
{Heap before GC invocations=47 (full 0):
 garbage-first heap   total 69632K, used 55119K [0x00000000e0000000, 0x0000000100000000)
  region size 1024K, 11 young (11264K), 2 survivors (2048K)
 Metaspace       used 35121K, capacity 36037K, committed 36272K, reserved 1081344K
  class space    used 3878K, capacity 4250K, committed 4352K, reserved 1048576K
}
Event: 16.904 GC heap after
{Heap after GC invocations=48 (full 0):
 garbage-first heap   total 69632K, used 46891K [0x00000000e0000000, 0x0000000100000000)
  region size 1024K, 2 young (2048K), 2 survivors (2048K)
 Metaspace       used 35121K, capacity 36037K, committed 36272K, reserved 1081344K
  class space    used 3878K, capacity 4250K, committed 4352K, reserved 1048576K
}
Event: 16.968 GC heap before
{Heap before GC invocations=48 (full 0):
 garbage-first heap   total 69632K, used 56107K [0x00000000e0000000, 0x0000000100000000)
  region size 1024K, 11 young (11264K), 2 survivors (2048K)
 Metaspace       used 35643K, capacity 36581K, committed 36784K, reserved 1081344K
  class space    used 3923K, capacity 4282K, committed 4352K, reserved 1048576K
}
Event: 16.971 GC heap after
{Heap after GC invocations=49 (full 0):
 garbage-first heap   total 83968K, used 47968K [0x00000000e0000000, 0x0000000100000000)
  region size 1024K, 2 young (2048K), 2 survivors (2048K)
 Metaspace       used 35643K, capacity 36581K, committed 36784K, reserved 1081344K
  class space    used 3923K, capacity 4282K, committed 4352K, reserved 1048576K
}
Event: 17.227 GC heap before
{Heap before GC invocations=49 (full 0):
 garbage-first heap   total 83968K, used 62304K [0x00000000e0000000, 0x0000000100000000)
  region size 1024K, 16 young (16384K), 2 survivors (2048K)
 Metaspace       used 36194K, capacity 37139K, committed 37424K, reserved 1083392K
  class space    used 4004K, capacity 4383K, committed 4480K, reserved 1048576K
}
Event: 17.230 GC heap after
{Heap after GC invocations=50 (full 0):
 garbage-first heap   total 83968K, used 48781K [0x00000000e0000000, 0x0000000100000000)
  region size 1024K, 1 young (1024K), 1 survivors (1024K)
 Metaspace       used 36194K, capacity 37139K, committed 37424K, reserved 1083392K
  class space    used 4004K, capacity 4383K, committed 4480K, reserved 1048576K
}
Event: 17.447 GC heap before
{Heap before GC invocations=50 (full 0):
 garbage-first heap   total 83968K, used 63117K [0x00000000e0000000, 0x0000000100000000)
  region size 1024K, 15 young (15360K), 1 survivors (1024K)
 Metaspace       used 36847K, capacity 37815K, committed 38064K, reserved 1083392K
  class space    used 4119K, capacity 4529K, committed 4608K, reserved 1048576K
}
Event: 17.456 GC heap after
{Heap after GC invocations=51 (full 0):
 garbage-first heap   total 83968K, used 49660K [0x00000000e0000000, 0x0000000100000000)
  region size 1024K, 2 young (2048K), 2 survivors (2048K)
 Metaspace       used 36847K, capacity 37815K, committed 38064K, reserved 1083392K
  class space    used 4119K, capacity 4529K, committed 4608K, reserved 1048576K
}
Event: 18.896 GC heap before
{Heap before GC invocations=51 (full 0):
 garbage-first heap   total 83968K, used 63996K [0x00000000e0000000, 0x0000000100000000)
  region size 1024K, 16 young (16384K), 2 survivors (2048K)
 Metaspace       used 37946K, capacity 39058K, committed 39216K, reserved 1083392K
  class space    used 4269K, capacity 4714K, committed 4736K, reserved 1048576K
}
Event: 18.900 GC heap after
{Heap after GC invocations=52 (full 0):
 garbage-first heap   total 83968K, used 50659K [0x00000000e0000000, 0x0000000100000000)
  region size 1024K, 2 young (2048K), 2 survivors (2048K)
 Metaspace       used 37946K, capacity 39058K, committed 39216K, reserved 1083392K
  class space    used 4269K, capacity 4714K, committed 4736K, reserved 1048576K
}
Event: 19.154 GC heap before
{Heap before GC invocations=52 (full 0):
 garbage-first heap   total 83968K, used 64995K [0x00000000e0000000, 0x0000000100000000)
  region size 1024K, 16 young (16384K), 2 survivors (2048K)
 Metaspace       used 38494K, capacity 39675K, committed 39856K, reserved 1085440K
  class space    used 4359K, capacity 4856K, committed 4864K, reserved 1048576K
}
Event: 19.157 GC heap after
{Heap after GC invocations=53 (full 0):
 garbage-first heap   total 83968K, used 51745K [0x00000000e0000000, 0x0000000100000000)
  region size 1024K, 2 young (2048K), 2 survivors (2048K)
 Metaspace       used 38494K, capacity 39675K, committed 39856K, reserved 1085440K
  class space    used 4359K, capacity 4856K, committed 4864K, reserved 1048576K
}
Event: 19.323 GC heap before
{Heap before GC invocations=53 (full 0):
 garbage-first heap   total 83968K, used 66081K [0x00000000e0000000, 0x0000000100000000)
  region size 1024K, 16 young (16384K), 2 survivors (2048K)
 Metaspace       used 39061K, capacity 40203K, committed 40496K, reserved 1085440K
  class space    used 4425K, capacity 4925K, committed 4992K, reserved 1048576K
}
Event: 19.329 GC heap after
{Heap after GC invocations=54 (full 0):
 garbage-first heap   total 83968K, used 52531K [0x00000000e0000000, 0x0000000100000000)
  region size 1024K, 2 young (2048K), 2 survivors (2048K)
 Metaspace       used 39061K, capacity 40203K, committed 40496K, reserved 1085440K
  class space    used 4425K, capacity 4925K, committed 4992K, reserved 1048576K
}
Event: 20.238 GC heap before
{Heap before GC invocations=54 (full 0):
 garbage-first heap   total 83968K, used 66867K [0x00000000e0000000, 0x0000000100000000)
  region size 1024K, 16 young (16384K), 2 survivors (2048K)
 Metaspace       used 39567K, capacity 40750K, committed 41008K, reserved 1085440K
  class space    used 4483K, capacity 4958K, committed 4992K, reserved 1048576K
}
Event: 20.243 GC heap after
{Heap after GC invocations=55 (full 0):
 garbage-first heap   total 83968K, used 53492K [0x00000000e0000000, 0x0000000100000000)
  region size 1024K, 2 young (2048K), 2 survivors (2048K)
 Metaspace       used 39567K, capacity 40750K, committed 41008K, reserved 1085440K
  class space    used 4483K, capacity 4958K, committed 4992K, reserved 1048576K
}
Event: 20.423 GC heap before
{Heap before GC invocations=55 (full 0):
 garbage-first heap   total 83968K, used 67828K [0x00000000e0000000, 0x0000000100000000)
  region size 1024K, 16 young (16384K), 2 survivors (2048K)
 Metaspace       used 40080K, capacity 41294K, committed 41392K, reserved 1085440K
  class space    used 4565K, capacity 5054K, committed 5120K, reserved 1048576K
}
Event: 20.426 GC heap after
{Heap after GC invocations=56 (full 0):
 garbage-first heap   total 83968K, used 54557K [0x00000000e0000000, 0x0000000100000000)
  region size 1024K, 2 young (2048K), 2 survivors (2048K)
 Metaspace       used 40080K, capacity 41294K, committed 41392K, reserved 1085440K
  class space    used 4565K, capacity 5054K, committed 5120K, reserved 1048576K
}
Event: 20.649 GC heap before
{Heap before GC invocations=56 (full 0):
 garbage-first heap   total 83968K, used 66845K [0x00000000e0000000, 0x0000000100000000)
  region size 1024K, 15 young (15360K), 2 survivors (2048K)
 Metaspace       used 40574K, capacity 41745K, committed 41904K, reserved 1085440K
  class space    used 4636K, capacity 5119K, committed 5120K, reserved 1048576K
}
Event: 20.654 GC heap after
{Heap after GC invocations=57 (full 0):
 garbage-first heap   total 83968K, used 55612K [0x00000000e0000000, 0x0000000100000000)
  region size 1024K, 2 young (2048K), 2 survivors (2048K)
 Metaspace       used 40574K, capacity 41745K, committed 41904K, reserved 1085440K
  class space    used 4636K, capacity 5119K, committed 5120K, reserved 1048576K
}

