# JRE version: OpenJDK Runtime Environment AdoptOpenJDK (11.0.10+9) (build 11.0.10+9)
# Java VM: OpenJDK 64-Bit Server VM AdoptOpenJDK (11.0.10+9, mixed mode, tiered, compressed oops, g1 gc, windows-amd64)
Heap:
 garbage-first heap   total 101376K, used 84934K [0x00000000e0000000, 0x0000000100000000)
  region size 1024K, 10 young (10240K), 1 survivors (1024K)
 Metaspace       used 43662K, capacity 44920K, committed 45232K, reserved 1089536K
  class space    used 5047K, capacity 5559K, committed 5632K, reserved 1048576K
GC Heap History (20 events):
Event: 11.401 GC heap before
{Heap before GC invocations=51 (full 0):
 garbage-first heap   total 83968K, used 65313K [0x00000000e0000000, 0x0000000100000000)
  region size 1024K, 17 young (17408K), 3 survivors (3072K)
 Metaspace       used 38474K, capacity 39611K, committed 39856K, reserved 1085440K
  class space    used 4356K, capacity 4813K, committed 4864K, reserved 1048576K
}
Event: 11.405 GC heap after
{Heap after GC invocations=52 (full 0):
 garbage-first heap   total 83968K, used 52135K [0x00000000e0000000, 0x0000000100000000)
  region size 1024K, 3 young (3072K), 3 survivors (3072K)
 Metaspace       used 38474K, capacity 39611K, committed 39856K, reserved 1085440K
  class space    used 4356K, capacity 4813K, committed 4864K, reserved 1048576K
}
Event: 11.610 GC heap before
{Heap before GC invocations=53 (full 0):
 garbage-first heap   total 83968K, used 66471K [0x00000000e0000000, 0x0000000100000000)
  region size 1024K, 17 young (17408K), 3 survivors (3072K)
 Metaspace       used 39047K, capacity 40235K, committed 40496K, reserved 1085440K
  class space    used 4423K, capacity 4914K, committed 4992K, reserved 1048576K
}
Event: 11.614 GC heap after
{Heap after GC invocations=54 (full 0):
 garbage-first heap   total 83968K, used 52964K [0x00000000e0000000, 0x0000000100000000)
  region size 1024K, 2 young (2048K), 2 survivors (2048K)
 Metaspace       used 39047K, capacity 40235K, committed 40496K, reserved 1085440K
  class space    used 4423K, capacity 4914K, committed 4992K, reserved 1048576K
}
Event: 12.221 GC heap before
{Heap before GC invocations=54 (full 0):
 garbage-first heap   total 83968K, used 68324K [0x00000000e0000000, 0x0000000100000000)
  region size 1024K, 17 young (17408K), 2 survivors (2048K)
 Metaspace       used 39578K, capacity 40750K, committed 41008K, reserved 1085440K
  class space    used 4487K, capacity 4979K, committed 4992K, reserved 1048576K
}
Event: 12.225 GC heap after
{Heap after GC invocations=55 (full 0):
 garbage-first heap   total 83968K, used 54184K [0x00000000e0000000, 0x0000000100000000)
  region size 1024K, 2 young (2048K), 2 survivors (2048K)
 Metaspace       used 39578K, capacity 40750K, committed 41008K, reserved 1085440K
  class space    used 4487K, capacity 4979K, committed 4992K, reserved 1048576K
}
Event: 12.429 GC heap before
{Heap before GC invocations=56 (full 0):
 garbage-first heap   total 83968K, used 68520K [0x00000000e0000000, 0x0000000100000000)
  region size 1024K, 16 young (16384K), 2 survivors (2048K)
 Metaspace       used 40177K, capacity 41390K, committed 41648K, reserved 1085440K
  class space    used 4579K, capacity 5043K, committed 5120K, reserved 1048576K
}
Event: 12.432 GC heap after
{Heap after GC invocations=57 (full 0):
 garbage-first heap   total 83968K, used 55163K [0x00000000e0000000, 0x0000000100000000)
  region size 1024K, 2 young (2048K), 2 survivors (2048K)
 Metaspace       used 40177K, capacity 41390K, committed 41648K, reserved 1085440K
  class space    used 4579K, capacity 5043K, committed 5120K, reserved 1048576K
}
Event: 12.572 GC heap before
{Heap before GC invocations=57 (full 0):
 garbage-first heap   total 83968K, used 66427K [0x00000000e0000000, 0x0000000100000000)
  region size 1024K, 14 young (14336K), 2 survivors (2048K)
 Metaspace       used 40575K, capacity 41777K, committed 41904K, reserved 1085440K
  class space    used 4638K, capacity 5108K, committed 5120K, reserved 1048576K
}
Event: 12.575 GC heap after
{Heap after GC invocations=58 (full 0):
 garbage-first heap   total 83968K, used 56069K [0x00000000e0000000, 0x0000000100000000)
  region size 1024K, 2 young (2048K), 2 survivors (2048K)
 Metaspace       used 40575K, capacity 41777K, committed 41904K, reserved 1085440K
  class space    used 4638K, capacity 5108K, committed 5120K, reserved 1048576K
}
Event: 16.361 GC heap before
{Heap before GC invocations=59 (full 0):
 garbage-first heap   total 101376K, used 86789K [0x00000000e0000000, 0x0000000100000000)
  region size 1024K, 15 young (15360K), 2 survivors (2048K)
 Metaspace       used 41110K, capacity 42303K, committed 42544K, reserved 1087488K
  class space    used 4720K, capacity 5177K, committed 5248K, reserved 1048576K
}
Event: 16.374 GC heap after
{Heap after GC invocations=60 (full 0):
 garbage-first heap   total 101376K, used 74316K [0x00000000e0000000, 0x0000000100000000)
  region size 1024K, 1 young (1024K), 1 survivors (1024K)
 Metaspace       used 41110K, capacity 42303K, committed 42544K, reserved 1087488K
  class space    used 4720K, capacity 5177K, committed 5248K, reserved 1048576K
}
Event: 17.010 GC heap before
{Heap before GC invocations=60 (full 0):
 garbage-first heap   total 101376K, used 86604K [0x00000000e0000000, 0x0000000100000000)
  region size 1024K, 13 young (13312K), 1 survivors (1024K)
 Metaspace       used 42142K, capacity 43371K, committed 43440K, reserved 1087488K
  class space    used 4838K, capacity 5321K, committed 5376K, reserved 1048576K
}
Event: 17.019 GC heap after
{Heap after GC invocations=61 (full 0):
 garbage-first heap   total 101376K, used 75030K [0x00000000e0000000, 0x0000000100000000)
  region size 1024K, 2 young (2048K), 2 survivors (2048K)
 Metaspace       used 42142K, capacity 43371K, committed 43440K, reserved 1087488K
  class space    used 4838K, capacity 5321K, committed 5376K, reserved 1048576K
}
Event: 18.034 GC heap before
{Heap before GC invocations=62 (full 0):
 garbage-first heap   total 101376K, used 86294K [0x00000000e0000000, 0x0000000100000000)
  region size 1024K, 13 young (13312K), 2 survivors (2048K)
 Metaspace       used 42509K, capacity 43690K, committed 43952K, reserved 1087488K
  class space    used 4889K, capacity 5363K, committed 5376K, reserved 1048576K
}
Event: 18.045 GC heap after
{Heap after GC invocations=63 (full 0):
 garbage-first heap   total 101376K, used 76184K [0x00000000e0000000, 0x0000000100000000)
  region size 1024K, 2 young (2048K), 2 survivors (2048K)
 Metaspace       used 42509K, capacity 43690K, committed 43952K, reserved 1087488K
  class space    used 4889K, capacity 5363K, committed 5376K, reserved 1048576K
}
Event: 18.463 GC heap before
{Heap before GC invocations=63 (full 0):
 garbage-first heap   total 101376K, used 87448K [0x00000000e0000000, 0x0000000100000000)
  region size 1024K, 13 young (13312K), 2 survivors (2048K)
 Metaspace       used 42866K, capacity 44139K, committed 44336K, reserved 1087488K
  class space    used 4931K, capacity 5406K, committed 5504K, reserved 1048576K
}
Event: 18.470 GC heap after
{Heap after GC invocations=64 (full 0):
 garbage-first heap   total 101376K, used 77286K [0x00000000e0000000, 0x0000000100000000)
  region size 1024K, 2 young (2048K), 2 survivors (2048K)
 Metaspace       used 42866K, capacity 44139K, committed 44336K, reserved 1087488K
  class space    used 4931K, capacity 5406K, committed 5504K, reserved 1048576K
}
Event: 19.710 GC heap before
{Heap before GC invocations=65 (full 0):
 garbage-first heap   total 101376K, used 86502K [0x00000000e0000000, 0x0000000100000000)
  region size 1024K, 11 young (11264K), 2 survivors (2048K)
 Metaspace       used 43319K, capacity 44562K, committed 44720K, reserved 1089536K
  class space    used 4997K, capacity 5525K, committed 5632K, reserved 1048576K
}
Event: 19.722 GC heap after
{Heap after GC invocations=66 (full 0):
 garbage-first heap   total 101376K, used 77766K [0x00000000e0000000, 0x0000000100000000)
  region size 1024K, 1 young (1024K), 1 survivors (1024K)
 Metaspace       used 43319K, capacity 44562K, committed 44720K, reserved 1089536K
  class space    used 4997K, capacity 5525K, committed 5632K, reserved 1048576K
}

