# JRE version: OpenJDK Runtime Environment AdoptOpenJDK (11.0.10+9) (build 11.0.10+9)
# Java VM: OpenJDK 64-Bit Server VM AdoptOpenJDK (11.0.10+9, mixed mode, tiered, compressed oops, g1 gc, windows-amd64)
Heap:
 garbage-first heap   total 97280K, used 93074K [0x00000000e0000000, 0x0000000100000000)
  region size 1024K, 3 young (3072K), 1 survivors (1024K)
 Metaspace       used 52840K, capacity 54406K, committed 54704K, reserved 1097728K
  class space    used 5958K, capacity 6550K, committed 6656K, reserved 1048576K
GC Heap History (20 events):
Event: 49.637 GC heap before
{Heap before GC invocations=191 (full 0):
 garbage-first heap   total 97280K, used 93196K [0x00000000e0000000, 0x0000000100000000)
  region size 1024K, 4 young (4096K), 1 survivors (1024K)
 Metaspace       used 52251K, capacity 53868K, committed 54064K, reserved 1097728K
  class space    used 5936K, capacity 6517K, committed 6528K, reserved 1048576K
}
Event: 49.638 GC heap after
{Heap after GC invocations=192 (full 0):
 garbage-first heap   total 97280K, used 91021K [0x00000000e0000000, 0x0000000100000000)
  region size 1024K, 1 young (1024K), 1 survivors (1024K)
 Metaspace       used 52251K, capacity 53868K, committed 54064K, reserved 1097728K
  class space    used 5936K, capacity 6517K, committed 6528K, reserved 1048576K
}
Event: 49.791 GC heap before
{Heap before GC invocations=192 (full 0):
 garbage-first heap   total 97280K, used 94093K [0x00000000e0000000, 0x0000000100000000)
  region size 1024K, 4 young (4096K), 1 survivors (1024K)
 Metaspace       used 52264K, capacity 53868K, committed 54064K, reserved 1097728K
  class space    used 5936K, capacity 6517K, committed 6528K, reserved 1048576K
}
Event: 49.794 GC heap after
{Heap after GC invocations=193 (full 0):
 garbage-first heap   total 97280K, used 91080K [0x00000000e0000000, 0x0000000100000000)
  region size 1024K, 1 young (1024K), 1 survivors (1024K)
 Metaspace       used 52264K, capacity 53868K, committed 54064K, reserved 1097728K
  class space    used 5936K, capacity 6517K, committed 6528K, reserved 1048576K
}
Event: 50.771 GC heap before
{Heap before GC invocations=194 (full 0):
 garbage-first heap   total 97280K, used 94152K [0x00000000e0000000, 0x0000000100000000)
  region size 1024K, 4 young (4096K), 1 survivors (1024K)
 Metaspace       used 52411K, capacity 54028K, committed 54192K, reserved 1097728K
  class space    used 5954K, capacity 6549K, committed 6656K, reserved 1048576K
}
Event: 50.773 GC heap after
{Heap after GC invocations=195 (full 0):
 garbage-first heap   total 97280K, used 91412K [0x00000000e0000000, 0x0000000100000000)
  region size 1024K, 1 young (1024K), 1 survivors (1024K)
 Metaspace       used 52411K, capacity 54028K, committed 54192K, reserved 1097728K
  class space    used 5954K, capacity 6549K, committed 6656K, reserved 1048576K
}
Event: 50.800 GC heap before
{Heap before GC invocations=195 (full 0):
 garbage-first heap   total 97280K, used 94484K [0x00000000e0000000, 0x0000000100000000)
  region size 1024K, 4 young (4096K), 1 survivors (1024K)
 Metaspace       used 52425K, capacity 54028K, committed 54192K, reserved 1097728K
  class space    used 5956K, capacity 6549K, committed 6656K, reserved 1048576K
}
Event: 50.802 GC heap after
{Heap after GC invocations=196 (full 0):
 garbage-first heap   total 97280K, used 91903K [0x00000000e0000000, 0x0000000100000000)
  region size 1024K, 1 young (1024K), 1 survivors (1024K)
 Metaspace       used 52425K, capacity 54028K, committed 54192K, reserved 1097728K
  class space    used 5956K, capacity 6549K, committed 6656K, reserved 1048576K
}
Event: 50.863 GC heap before
{Heap before GC invocations=196 (full 0):
 garbage-first heap   total 97280K, used 94975K [0x00000000e0000000, 0x0000000100000000)
  region size 1024K, 4 young (4096K), 1 survivors (1024K)
 Metaspace       used 52425K, capacity 54028K, committed 54192K, reserved 1097728K
  class space    used 5956K, capacity 6549K, committed 6656K, reserved 1048576K
}
Event: 50.864 GC heap after
{Heap after GC invocations=197 (full 0):
 garbage-first heap   total 97280K, used 91987K [0x00000000e0000000, 0x0000000100000000)
  region size 1024K, 1 young (1024K), 1 survivors (1024K)
 Metaspace       used 52425K, capacity 54028K, committed 54192K, reserved 1097728K
  class space    used 5956K, capacity 6549K, committed 6656K, reserved 1048576K
}
Event: 51.144 GC heap before
{Heap before GC invocations=198 (full 0):
 garbage-first heap   total 97280K, used 95059K [0x00000000e0000000, 0x0000000100000000)
  region size 1024K, 4 young (4096K), 1 survivors (1024K)
 Metaspace       used 52573K, capacity 54228K, committed 54448K, reserved 1097728K
  class space    used 5958K, capacity 6550K, committed 6656K, reserved 1048576K
}
Event: 51.145 GC heap after
{Heap after GC invocations=199 (full 0):
 garbage-first heap   total 97280K, used 91968K [0x00000000e0000000, 0x0000000100000000)
  region size 1024K, 1 young (1024K), 1 survivors (1024K)
 Metaspace       used 52573K, capacity 54228K, committed 54448K, reserved 1097728K
  class space    used 5958K, capacity 6550K, committed 6656K, reserved 1048576K
}
Event: 51.368 GC heap before
{Heap before GC invocations=199 (full 0):
 garbage-first heap   total 97280K, used 95040K [0x00000000e0000000, 0x0000000100000000)
  region size 1024K, 4 young (4096K), 1 survivors (1024K)
 Metaspace       used 52605K, capacity 54228K, committed 54448K, reserved 1097728K
  class space    used 5958K, capacity 6550K, committed 6656K, reserved 1048576K
}
Event: 51.369 GC heap after
{Heap after GC invocations=200 (full 0):
 garbage-first heap   total 97280K, used 92141K [0x00000000e0000000, 0x0000000100000000)
  region size 1024K, 1 young (1024K), 1 survivors (1024K)
 Metaspace       used 52605K, capacity 54228K, committed 54448K, reserved 1097728K
  class space    used 5958K, capacity 6550K, committed 6656K, reserved 1048576K
}
Event: 52.045 GC heap before
{Heap before GC invocations=201 (full 0):
 garbage-first heap   total 97280K, used 94189K [0x00000000e0000000, 0x0000000100000000)
  region size 1024K, 4 young (4096K), 1 survivors (1024K)
 Metaspace       used 52768K, capacity 54361K, committed 54704K, reserved 1097728K
  class space    used 5958K, capacity 6550K, committed 6656K, reserved 1048576K
}
Event: 52.046 GC heap after
{Heap after GC invocations=202 (full 0):
 garbage-first heap   total 97280K, used 92074K [0x00000000e0000000, 0x0000000100000000)
  region size 1024K, 1 young (1024K), 1 survivors (1024K)
 Metaspace       used 52768K, capacity 54361K, committed 54704K, reserved 1097728K
  class space    used 5958K, capacity 6550K, committed 6656K, reserved 1048576K
}
Event: 52.475 GC heap before
{Heap before GC invocations=202 (full 0):
 garbage-first heap   total 97280K, used 94122K [0x00000000e0000000, 0x0000000100000000)
  region size 1024K, 4 young (4096K), 1 survivors (1024K)
 Metaspace       used 52775K, capacity 54361K, committed 54704K, reserved 1097728K
  class space    used 5958K, capacity 6550K, committed 6656K, reserved 1048576K
}
Event: 52.476 GC heap after
{Heap after GC invocations=203 (full 0):
 garbage-first heap   total 97280K, used 91943K [0x00000000e0000000, 0x0000000100000000)
  region size 1024K, 1 young (1024K), 1 survivors (1024K)
 Metaspace       used 52775K, capacity 54361K, committed 54704K, reserved 1097728K
  class space    used 5958K, capacity 6550K, committed 6656K, reserved 1048576K
}
Event: 53.222 GC heap before
{Heap before GC invocations=204 (full 0):
 garbage-first heap   total 97280K, used 93991K [0x00000000e0000000, 0x0000000100000000)
  region size 1024K, 4 young (4096K), 1 survivors (1024K)
 Metaspace       used 52837K, capacity 54406K, committed 54704K, reserved 1097728K
  class space    used 5958K, capacity 6550K, committed 6656K, reserved 1048576K
}
Event: 53.223 GC heap after
{Heap after GC invocations=205 (full 0):
 garbage-first heap   total 97280K, used 92050K [0x00000000e0000000, 0x0000000100000000)
  region size 1024K, 1 young (1024K), 1 survivors (1024K)
 Metaspace       used 52837K, capacity 54406K, committed 54704K, reserved 1097728K
  class space    used 5958K, capacity 6550K, committed 6656K, reserved 1048576K
}

